build/app/intermediates/manifest_merge_blame_file/debug/manifest-merger-blame-debug-report.txt
1<?xml version="1.0" encoding="utf-8"?>
2<manifest xmlns:android="http://schemas.android.com/apk/res/android"
3    package="com.example.app_jogo"
4    android:versionCode="1"
5    android:versionName="1.0.0" >
6
7    <uses-sdk
8        android:minSdkVersion="21"
9        android:targetSdkVersion="30" />
10    <!--
11         The INTERNET permission is required for development. Specifically,
12         the Flutter tool needs it to communicate with the running application
13         to allow setting breakpoints, to provide hot reload, etc.
14    -->
15    <uses-permission android:name="android.permission.INTERNET" />
15-->src/debug/AndroidManifest.xml:6:5-66
15-->src/debug/AndroidManifest.xml:6:22-64
16    <uses-permission android:name="android.permission.ACCESS_NETWORK_STATE" />
16-->[com.google.firebase:firebase-auth:21.3.0] AndroidManifest.xml:26:5-79
16-->[com.google.firebase:firebase-auth:21.3.0] AndroidManifest.xml:26:22-76
17
18    <uses-feature
18-->[com.google.android.gms:play-services-maps:17.0.0] AndroidManifest.xml:26:5-28:35
19        android:glEsVersion="0x00020000"
19-->[com.google.android.gms:play-services-maps:17.0.0] AndroidManifest.xml:27:9-41
20        android:required="true" />
20-->[com.google.android.gms:play-services-maps:17.0.0] AndroidManifest.xml:28:9-32
21
22    <application
23        android:name="io.flutter.app.FlutterMultiDexApplication"
24        android:appComponentFactory="androidx.core.app.CoreComponentFactory"
24-->[androidx.core:core:1.6.0] AndroidManifest.xml:24:18-86
25        android:debuggable="true"
26        android:icon="@mipmap/ic_launcher"
27        android:label="app_jogo" >
28        <activity
29            android:name="com.example.app_jogo.MainActivity"
30            android:configChanges="orientation|keyboardHidden|keyboard|screenSize|smallestScreenSize|locale|layoutDirection|fontScale|screenLayout|density|uiMode"
31            android:exported="true"
32            android:hardwareAccelerated="true"
33            android:launchMode="singleTop"
34            android:theme="@style/LaunchTheme"
35            android:windowSoftInputMode="adjustResize" >
36
37            <!--
38                 Specifies an Android theme to apply to this Activity as soon as
39                 the Android process has started. This theme is visible to the user
40                 while the Flutter UI initializes. After that, this theme continues
41                 to determine the Window background behind the Flutter UI.
42            -->
43            <meta-data
44                android:name="io.flutter.embedding.android.NormalTheme"
45                android:resource="@style/NormalTheme" />
46
47            <intent-filter>
48                <action android:name="android.intent.action.MAIN" />
49
50                <category android:name="android.intent.category.LAUNCHER" />
51            </intent-filter>
52        </activity>
53        <!--
54             Don't delete the meta-data below.
55             This is used by the Flutter tool to generate GeneratedPluginRegistrant.java
56        -->
57        <meta-data
58            android:name="flutterEmbedding"
59            android:value="2" />
60
61        <service
61-->[:firebase_auth] AndroidManifest.xml:10:9-14:19
62            android:name="com.google.firebase.components.ComponentDiscoveryService"
62-->[:firebase_auth] AndroidManifest.xml:10:18-89
63            android:directBootAware="true"
63-->[com.google.firebase:firebase-common:20.3.2] AndroidManifest.xml:34:13-43
64            android:exported="false" >
64-->[com.google.firebase:firebase-auth:21.3.0] AndroidManifest.xml:68:13-37
65            <meta-data
65-->[:firebase_auth] AndroidManifest.xml:11:13-13:85
66                android:name="com.google.firebase.components:io.flutter.plugins.firebase.auth.FlutterFirebaseAuthRegistrar"
66-->[:firebase_auth] AndroidManifest.xml:12:17-124
67                android:value="com.google.firebase.components.ComponentRegistrar" />
67-->[:firebase_auth] AndroidManifest.xml:13:17-82
68            <meta-data
68-->[:cloud_firestore] AndroidManifest.xml:11:13-13:85
69                android:name="com.google.firebase.components:io.flutter.plugins.firebase.firestore.FlutterFirebaseFirestoreRegistrar"
69-->[:cloud_firestore] AndroidManifest.xml:12:17-134
70                android:value="com.google.firebase.components.ComponentRegistrar" />
70-->[:cloud_firestore] AndroidManifest.xml:13:17-82
71            <meta-data
71-->[:firebase_core] AndroidManifest.xml:11:13-13:85
72                android:name="com.google.firebase.components:io.flutter.plugins.firebase.core.FlutterFirebaseCoreRegistrar"
72-->[:firebase_core] AndroidManifest.xml:12:17-124
73                android:value="com.google.firebase.components.ComponentRegistrar" />
73-->[:firebase_core] AndroidManifest.xml:13:17-82
74            <meta-data
74-->[com.google.firebase:firebase-auth:21.3.0] AndroidManifest.xml:69:13-71:85
75                android:name="com.google.firebase.components:com.google.firebase.auth.FirebaseAuthRegistrar"
75-->[com.google.firebase:firebase-auth:21.3.0] AndroidManifest.xml:70:17-109
76                android:value="com.google.firebase.components.ComponentRegistrar" />
76-->[com.google.firebase:firebase-auth:21.3.0] AndroidManifest.xml:71:17-82
77            <meta-data
77-->[com.google.firebase:firebase-firestore:24.5.0] AndroidManifest.xml:19:13-21:85
78                android:name="com.google.firebase.components:com.google.firebase.firestore.FirestoreRegistrar"
78-->[com.google.firebase:firebase-firestore:24.5.0] AndroidManifest.xml:20:17-111
79                android:value="com.google.firebase.components.ComponentRegistrar" />
79-->[com.google.firebase:firebase-firestore:24.5.0] AndroidManifest.xml:21:17-82
80        </service>
81
82        <meta-data
82-->[:pay_android] AndroidManifest.xml:14:9-16:36
83            android:name="com.google.android.gms.wallet.api.enabled"
83-->[:pay_android] AndroidManifest.xml:15:13-69
84            android:value="true" />
84-->[:pay_android] AndroidManifest.xml:16:13-33
85
86        <activity
86-->[com.google.firebase:firebase-auth:21.3.0] AndroidManifest.xml:29:9-46:20
87            android:name="com.google.firebase.auth.internal.GenericIdpActivity"
87-->[com.google.firebase:firebase-auth:21.3.0] AndroidManifest.xml:30:13-80
88            android:excludeFromRecents="true"
88-->[com.google.firebase:firebase-auth:21.3.0] AndroidManifest.xml:31:13-46
89            android:exported="true"
89-->[com.google.firebase:firebase-auth:21.3.0] AndroidManifest.xml:32:13-36
90            android:launchMode="singleTask"
90-->[com.google.firebase:firebase-auth:21.3.0] AndroidManifest.xml:33:13-44
91            android:theme="@android:style/Theme.Translucent.NoTitleBar" >
91-->[com.google.firebase:firebase-auth:21.3.0] AndroidManifest.xml:34:13-72
92            <intent-filter>
92-->[com.google.firebase:firebase-auth:21.3.0] AndroidManifest.xml:35:13-45:29
93                <action android:name="android.intent.action.VIEW" />
93-->[com.google.firebase:firebase-auth:21.3.0] AndroidManifest.xml:36:17-69
93-->[com.google.firebase:firebase-auth:21.3.0] AndroidManifest.xml:36:25-66
94
95                <category android:name="android.intent.category.DEFAULT" />
95-->[com.google.firebase:firebase-auth:21.3.0] AndroidManifest.xml:38:17-76
95-->[com.google.firebase:firebase-auth:21.3.0] AndroidManifest.xml:38:27-73
96                <category android:name="android.intent.category.BROWSABLE" />
96-->[com.google.firebase:firebase-auth:21.3.0] AndroidManifest.xml:39:17-78
96-->[com.google.firebase:firebase-auth:21.3.0] AndroidManifest.xml:39:27-75
97
98                <data
98-->[com.google.firebase:firebase-auth:21.3.0] AndroidManifest.xml:41:17-44:51
99                    android:host="firebase.auth"
99-->[com.google.firebase:firebase-auth:21.3.0] AndroidManifest.xml:42:21-49
100                    android:path="/"
100-->[com.google.firebase:firebase-auth:21.3.0] AndroidManifest.xml:43:21-37
101                    android:scheme="genericidp" />
101-->[com.google.firebase:firebase-auth:21.3.0] AndroidManifest.xml:44:21-48
102            </intent-filter>
103        </activity>
104        <activity
104-->[com.google.firebase:firebase-auth:21.3.0] AndroidManifest.xml:47:9-64:20
105            android:name="com.google.firebase.auth.internal.RecaptchaActivity"
105-->[com.google.firebase:firebase-auth:21.3.0] AndroidManifest.xml:48:13-79
106            android:excludeFromRecents="true"
106-->[com.google.firebase:firebase-auth:21.3.0] AndroidManifest.xml:49:13-46
107            android:exported="true"
107-->[com.google.firebase:firebase-auth:21.3.0] AndroidManifest.xml:50:13-36
108            android:launchMode="singleTask"
108-->[com.google.firebase:firebase-auth:21.3.0] AndroidManifest.xml:51:13-44
109            android:theme="@android:style/Theme.Translucent.NoTitleBar" >
109-->[com.google.firebase:firebase-auth:21.3.0] AndroidManifest.xml:52:13-72
110            <intent-filter>
110-->[com.google.firebase:firebase-auth:21.3.0] AndroidManifest.xml:53:13-63:29
111                <action android:name="android.intent.action.VIEW" />
111-->[com.google.firebase:firebase-auth:21.3.0] AndroidManifest.xml:36:17-69
111-->[com.google.firebase:firebase-auth:21.3.0] AndroidManifest.xml:36:25-66
112
113                <category android:name="android.intent.category.DEFAULT" />
113-->[com.google.firebase:firebase-auth:21.3.0] AndroidManifest.xml:38:17-76
113-->[com.google.firebase:firebase-auth:21.3.0] AndroidManifest.xml:38:27-73
114                <category android:name="android.intent.category.BROWSABLE" />
114-->[com.google.firebase:firebase-auth:21.3.0] AndroidManifest.xml:39:17-78
114-->[com.google.firebase:firebase-auth:21.3.0] AndroidManifest.xml:39:27-75
115
116                <data
116-->[com.google.firebase:firebase-auth:21.3.0] AndroidManifest.xml:41:17-44:51
117                    android:host="firebase.auth"
117-->[com.google.firebase:firebase-auth:21.3.0] AndroidManifest.xml:42:21-49
118                    android:path="/"
118-->[com.google.firebase:firebase-auth:21.3.0] AndroidManifest.xml:43:21-37
119                    android:scheme="recaptcha" />
119-->[com.google.firebase:firebase-auth:21.3.0] AndroidManifest.xml:44:21-48
120            </intent-filter>
121        </activity>
122
123        <uses-library
123-->[androidx.window:window:1.0.0-beta04] AndroidManifest.xml:25:9-27:40
124            android:name="androidx.window.extensions"
124-->[androidx.window:window:1.0.0-beta04] AndroidManifest.xml:26:13-54
125            android:required="false" />
125-->[androidx.window:window:1.0.0-beta04] AndroidManifest.xml:27:13-37
126        <uses-library
126-->[androidx.window:window:1.0.0-beta04] AndroidManifest.xml:28:9-30:40
127            android:name="androidx.window.sidecar"
127-->[androidx.window:window:1.0.0-beta04] AndroidManifest.xml:29:13-51
128            android:required="false" />
128-->[androidx.window:window:1.0.0-beta04] AndroidManifest.xml:30:13-37
129
130        <provider
130-->[com.google.firebase:firebase-common:20.3.2] AndroidManifest.xml:25:9-30:39
131            android:name="com.google.firebase.provider.FirebaseInitProvider"
131-->[com.google.firebase:firebase-common:20.3.2] AndroidManifest.xml:26:13-77
132            android:authorities="com.example.app_jogo.firebaseinitprovider"
132-->[com.google.firebase:firebase-common:20.3.2] AndroidManifest.xml:27:13-72
133            android:directBootAware="true"
133-->[com.google.firebase:firebase-common:20.3.2] AndroidManifest.xml:28:13-43
134            android:exported="false"
134-->[com.google.firebase:firebase-common:20.3.2] AndroidManifest.xml:29:13-37
135            android:initOrder="100" />
135-->[com.google.firebase:firebase-common:20.3.2] AndroidManifest.xml:30:13-36
136
137        <activity
137-->[com.google.android.gms:play-services-auth:20.5.0] AndroidManifest.xml:23:9-27:75
138            android:name="com.google.android.gms.auth.api.signin.internal.SignInHubActivity"
138-->[com.google.android.gms:play-services-auth:20.5.0] AndroidManifest.xml:24:13-93
139            android:excludeFromRecents="true"
139-->[com.google.android.gms:play-services-auth:20.5.0] AndroidManifest.xml:25:13-46
140            android:exported="false"
140-->[com.google.android.gms:play-services-auth:20.5.0] AndroidManifest.xml:26:13-37
141            android:theme="@android:style/Theme.Translucent.NoTitleBar" />
141-->[com.google.android.gms:play-services-auth:20.5.0] AndroidManifest.xml:27:13-72
142        <!--
143            Service handling Google Sign-In user revocation. For apps that do not integrate with
144            Google Sign-In, this service will never be started.
145        -->
146        <service
146-->[com.google.android.gms:play-services-auth:20.5.0] AndroidManifest.xml:33:9-37:51
147            android:name="com.google.android.gms.auth.api.signin.RevocationBoundService"
147-->[com.google.android.gms:play-services-auth:20.5.0] AndroidManifest.xml:34:13-89
148            android:exported="true"
148-->[com.google.android.gms:play-services-auth:20.5.0] AndroidManifest.xml:35:13-36
149            android:permission="com.google.android.gms.auth.api.signin.permission.REVOCATION_NOTIFICATION"
149-->[com.google.android.gms:play-services-auth:20.5.0] AndroidManifest.xml:36:13-107
150            android:visibleToInstantApps="true" /> <!-- Needs to be explicitly declared on P+ -->
150-->[com.google.android.gms:play-services-auth:20.5.0] AndroidManifest.xml:37:13-48
151        <uses-library
151-->[com.google.android.gms:play-services-maps:17.0.0] AndroidManifest.xml:33:9-35:40
152            android:name="org.apache.http.legacy"
152-->[com.google.android.gms:play-services-maps:17.0.0] AndroidManifest.xml:34:13-50
153            android:required="false" />
153-->[com.google.android.gms:play-services-maps:17.0.0] AndroidManifest.xml:35:13-37
154
155        <activity
155-->[com.google.android.gms:play-services-base:18.0.1] AndroidManifest.xml:20:9-22:45
156            android:name="com.google.android.gms.common.api.GoogleApiActivity"
156-->[com.google.android.gms:play-services-base:18.0.1] AndroidManifest.xml:20:19-85
157            android:exported="false"
157-->[com.google.android.gms:play-services-base:18.0.1] AndroidManifest.xml:22:19-43
158            android:theme="@android:style/Theme.Translucent.NoTitleBar" />
158-->[com.google.android.gms:play-services-base:18.0.1] AndroidManifest.xml:21:19-78
159
160        <meta-data
160-->[com.google.android.gms:play-services-basement:18.2.0] AndroidManifest.xml:21:9-23:69
161            android:name="com.google.android.gms.version"
161-->[com.google.android.gms:play-services-basement:18.2.0] AndroidManifest.xml:22:13-58
162            android:value="@integer/google_play_services_version" />
162-->[com.google.android.gms:play-services-basement:18.2.0] AndroidManifest.xml:23:13-66
163    </application>
164
165</manifest>